[2025-04-30 16:34:29] 
================  New Test Started at 2025-04-30 16:34:29  ================

[2025-04-30 16:34:32] Traceback (most recent call last):
[2025-04-30 16:34:32] File "D:\BOA\Test_App\BOA_MobileApp_Test\scripts\test_app.py", line 19, in <module>
[2025-04-30 16:34:32] from Transfer.transfer import transfer
[2025-04-30 16:34:32] File "D:\BOA\Test_App\BOA_MobileApp_Test\scripts\Transfer\transfer.py", line 1, in <module>
[2025-04-30 16:34:32] from Transfer_Withen_BOA.transfer_within_BOA import transfer_within_BOA
[2025-04-30 16:34:32] ModuleNotFoundError: No module named 'Transfer_Withen_BOA'
[2025-04-30 16:34:32] 
Test failed with exit code 1.

[2025-04-30 16:41:38] 
================  New Test Started at 2025-04-30 16:41:38  ================

[2025-04-30 16:41:54] Using Device ID: R9ZR601C18H
[2025-04-30 16:41:54] Using Android Version: 12
[2025-04-30 16:41:54] Using package: com.samsung.android.dialer
[2025-04-30 16:41:54] Using Main_Activity: com.samsung.android.dialer.DialtactsActivity
[2025-04-30 16:41:54] Dialing USSD code (Attempt 1)...
[2025-04-30 16:41:58] USSD Response: Welcome to Bank of Abyssinia Mobile Banking Service. Press * to navigate back any time, select one of the following options below:
[2025-04-30 16:41:58] 1: Login
[2025-04-30 16:41:58] 2: Exit
[2025-04-30 16:41:58] Expected USSD page matched.
[2025-04-30 16:42:03] BOA USSD Login Notification Detected
[2025-04-30 16:42:04] Input field detected
[2025-04-30 16:42:07] Pin Enter Notification Detected
[2025-04-30 16:42:13] Login successful.
[2025-04-30 16:42:13] Found option: 1: My Accounts
[2025-04-30 16:42:13] Found option: 2: Transfer
[2025-04-30 16:42:13] Found option: 3: Transfer to Other Bank
[2025-04-30 16:42:13] Found option: 4: Transfer to Own
[2025-04-30 16:42:13] Found option: 5: Airtime
[2025-04-30 16:42:13] Found option: 6: Utilities
[2025-04-30 16:42:13] Found option: 7: Exchange Rates
[2025-04-30 16:42:13] Found option: 8: More options
[2025-04-30 16:42:13] Excel in the path is used
[2025-04-30 16:42:15] Writing 'Pass' to row 2, col 5
[2025-04-30 16:42:16] Saving Excel file to: D:\BOA\Test_App\BOA_MobileApp_Test\scripts\USSD_Test_Script2.xlsx
[2025-04-30 16:42:16] Updated 'login' sheet - rows [2] set to 'Pass'.
[2025-04-30 16:42:20] USSD Response: My Accounts
[2025-04-30 16:42:20] 1: 174615624 - ETB - Apol.
[2025-04-30 16:42:20] 2: 182975435 - ETB - STAF.
[2025-04-30 16:42:20] ['1: 174615624 - ETB - Apol.', '2: 182975435 - ETB - STAF.']
[2025-04-30 16:42:20] list of accounts associated with the customer ID is displayed
[2025-04-30 16:42:22] Writing 'Pass' to row 2, col 5
[2025-04-30 16:42:23] Saving Excel file to: D:\BOA\Test_App\BOA_MobileApp_Test\scripts\USSD_Test_Script2.xlsx
[2025-04-30 16:42:23] Updated 'Accounts' sheet - rows [2] set to 'Pass'.
[2025-04-30 16:42:23] Excel status Updated
[2025-04-30 16:42:23] 2 account(s) found: ['1: 174615624 - ETB - Apol.', '2: 182975435 - ETB - STAF.']
[2025-04-30 16:42:23] 
[2025-04-30 16:42:23] Checking Account 1: 1: 174615624 - ETB - Apol.
[2025-04-30 16:42:23] 1: 174615624
[2025-04-30 16:42:23] 174615624
[2025-04-30 16:42:28] The list of recent transactions is displayed
[2025-04-30 16:42:29] Writing 'Pass' to row 4, col 5
[2025-04-30 16:42:31] Saving Excel file to: D:\BOA\Test_App\BOA_MobileApp_Test\scripts\USSD_Test_Script2.xlsx
[2025-04-30 16:42:31] Updated 'Accounts' sheet - rows [4] set to 'Pass'.
[2025-04-30 16:42:35] Transaction detail verified
[2025-04-30 16:42:37] Writing 'Pass' to row 6, col 5
[2025-04-30 16:42:39] Saving Excel file to: D:\BOA\Test_App\BOA_MobileApp_Test\scripts\USSD_Test_Script2.xlsx
[2025-04-30 16:42:39] Updated 'Accounts' sheet - rows [6] set to 'Pass'.
[2025-04-30 16:42:49] 
[2025-04-30 16:42:49] Checking Account 2: 2: 182975435 - ETB - STAF.
[2025-04-30 16:42:49] 2: 182975435
[2025-04-30 16:42:49] 182975435
[2025-04-30 16:42:54] The list of recent transactions is displayed
[2025-04-30 16:42:55] Writing 'Pass' to row 4, col 5
[2025-04-30 16:42:57] Saving Excel file to: D:\BOA\Test_App\BOA_MobileApp_Test\scripts\USSD_Test_Script2.xlsx
[2025-04-30 16:42:57] Updated 'Accounts' sheet - rows [4] set to 'Pass'.
[2025-04-30 16:43:01] Transaction detail verified
[2025-04-30 16:43:03] Writing 'Pass' to row 6, col 5
[2025-04-30 16:43:04] Saving Excel file to: D:\BOA\Test_App\BOA_MobileApp_Test\scripts\USSD_Test_Script2.xlsx
[2025-04-30 16:43:04] Updated 'Accounts' sheet - rows [6] set to 'Pass'.
[2025-04-30 16:43:13] All account checks completed successfully
[2025-04-30 16:43:17] Found option: 1: My Accounts
[2025-04-30 16:43:17] Found option: 2: Transfer
[2025-04-30 16:43:17] Found option: 3: Transfer to Other Bank
[2025-04-30 16:43:17] Found option: 4: Transfer to Own
[2025-04-30 16:43:17] Found option: 5: Airtime
[2025-04-30 16:43:17] Found option: 6: Utilities
[2025-04-30 16:43:17] Found option: 7: Exchange Rates
[2025-04-30 16:43:17] Found option: 8: More options
[2025-04-30 16:43:17] Retuned to home page
[2025-04-30 16:43:17] My Account test compleated!
[2025-04-30 16:43:17] Error: 'TestAppium' object has no attribute 'cancel_ussd'
[2025-04-30 16:43:18] F
[2025-04-30 16:43:18] ======================================================================
[2025-04-30 16:43:18] FAIL: test_app (__main__.TestAppium.test_app)
[2025-04-30 16:43:18] ----------------------------------------------------------------------
[2025-04-30 16:43:18] Traceback (most recent call last):
[2025-04-30 16:43:18] File "D:\BOA\Test_App\BOA_MobileApp_Test\scripts\test_app.py", line 502, in test_app
[2025-04-30 16:43:18] my_account_opt = my_account(self)
[2025-04-30 16:43:18] File "D:\BOA\Test_App\BOA_MobileApp_Test\scripts\My_Account\my_account.py", line 149, in my_account
[2025-04-30 16:43:18] self.cancel_ussd()
[2025-04-30 16:43:18] ^^^^^^^^^^^^^^^^
[2025-04-30 16:43:18] AttributeError: 'TestAppium' object has no attribute 'cancel_ussd'
[2025-04-30 16:43:18] 
[2025-04-30 16:43:18] During handling of the above exception, another exception occurred:
[2025-04-30 16:43:18] 
[2025-04-30 16:43:18] Traceback (most recent call last):
[2025-04-30 16:43:18] File "D:\BOA\Test_App\BOA_MobileApp_Test\scripts\test_app.py", line 508, in test_app
[2025-04-30 16:43:18] self.fail("USSD process failed.")
[2025-04-30 16:43:18] ~~~~~~~~~^^^^^^^^^^^^^^^^^^^^^^^^
[2025-04-30 16:43:18] AssertionError: USSD process failed.
[2025-04-30 16:43:18] 
[2025-04-30 16:43:18] ----------------------------------------------------------------------
[2025-04-30 16:43:18] Ran 1 test in 97.111s
[2025-04-30 16:43:18] 
[2025-04-30 16:43:18] FAILED (failures=1)
[2025-04-30 16:43:18] 
Test completed.

[2025-04-30 17:03:35] 
================  New Test Started at 2025-04-30 17:03:35  ================

[2025-04-30 17:03:41] Traceback (most recent call last):
[2025-04-30 17:03:41] File "D:\BOA\Test_App\BOA_MobileApp_Test\scripts\test_app.py", line 18, in <module>
[2025-04-30 17:03:41] import scripts.Helpers.android_helper as android_helper
[2025-04-30 17:03:41] ModuleNotFoundError: No module named 'scripts'
[2025-04-30 17:03:41] 
Test failed with exit code 1.

[2025-04-30 17:04:36] 
================  New Test Started at 2025-04-30 17:04:36  ================

[2025-04-30 17:04:53] Using Device ID: R9ZR601C18H
[2025-04-30 17:04:53] Using Android Version: 12
[2025-04-30 17:04:53] Using package: com.samsung.android.dialer
[2025-04-30 17:04:53] Using Main_Activity: com.samsung.android.dialer.DialtactsActivity
[2025-04-30 17:04:53] Dialing USSD code (Attempt 1)...
[2025-04-30 17:04:57] USSD Response: Welcome to Bank of Abyssinia Mobile Banking Service. Press * to navigate back any time, select one of the following options below:
[2025-04-30 17:04:57] 1: Login
[2025-04-30 17:04:57] 2: Exit
[2025-04-30 17:04:57] Expected USSD page matched.
[2025-04-30 17:05:31] USSD response not detected.
[2025-04-30 17:05:31] Error: USSD screen did not appear.
[2025-04-30 17:05:32] F
[2025-04-30 17:05:32] ======================================================================
[2025-04-30 17:05:32] FAIL: test_app (__main__.TestAppium.test_app)
[2025-04-30 17:05:32] ----------------------------------------------------------------------
[2025-04-30 17:05:32] Traceback (most recent call last):
[2025-04-30 17:05:32] File "D:\BOA\Test_App\BOA_MobileApp_Test\scripts\test_app.py", line 141, in enter_pin_to_login
[2025-04-30 17:05:32] ussd_screen = WebDriverWait(self.driver, 30).until(
[2025-04-30 17:05:32] EC.element_to_be_clickable((AppiumBy.XPATH, "//android.widget.LinearLayout[@resource-id='android:id/parentPanel']"))
[2025-04-30 17:05:32] )
[2025-04-30 17:05:32] File "C:\Users\FILSU\AppData\Local\Programs\Python\Python313\Lib\site-packages\selenium\webdriver\support\wait.py", line 146, in until
[2025-04-30 17:05:32] raise TimeoutException(message, screen, stacktrace)
[2025-04-30 17:05:32] selenium.common.exceptions.TimeoutException: Message:
[2025-04-30 17:05:32] Stacktrace:
[2025-04-30 17:05:32] NoSuchElementError: An element could not be located on the page using the given search parameters.
[2025-04-30 17:05:32] at AndroidUiautomator2Driver.findElOrEls (C:\Users\FILSU\.appium\node_modules\appium-uiautomator2-driver\node_modules\appium-android-driver\lib\commands\find.ts:86:11)
[2025-04-30 17:05:32] at processTicksAndRejections (node:internal/process/task_queues:105:5)
[2025-04-30 17:05:32] at AndroidUiautomator2Driver.findElOrElsWithProcessing (C:\Users\FILSU\AppData\Roaming\npm\node_modules\appium\node_modules\@appium\base-driver\lib\basedriver\commands\find.ts:60:12)
[2025-04-30 17:05:32] at AndroidUiautomator2Driver.findElement (C:\Users\FILSU\AppData\Roaming\npm\node_modules\appium\node_modules\@appium\base-driver\lib\basedriver\commands\find.ts:75:12)
[2025-04-30 17:05:32] 
[2025-04-30 17:05:32] During handling of the above exception, another exception occurred:
[2025-04-30 17:05:32] 
[2025-04-30 17:05:32] Traceback (most recent call last):
[2025-04-30 17:05:32] File "D:\BOA\Test_App\BOA_MobileApp_Test\scripts\test_app.py", line 513, in test_app
[2025-04-30 17:05:32] self.enter_pin_to_login()
[2025-04-30 17:05:32] ~~~~~~~~~~~~~~~~~~~~~~~^^
[2025-04-30 17:05:32] File "D:\BOA\Test_App\BOA_MobileApp_Test\scripts\test_app.py", line 155, in enter_pin_to_login
[2025-04-30 17:05:32] self.fail("USSD screen did not appear.")
[2025-04-30 17:05:32] ~~~~~~~~~^^^^^^^^^^^^^^^^^^^^^^^^^^^^^^^
[2025-04-30 17:05:32] AssertionError: USSD screen did not appear.
[2025-04-30 17:05:32] 
[2025-04-30 17:05:32] During handling of the above exception, another exception occurred:
[2025-04-30 17:05:32] 
[2025-04-30 17:05:32] Traceback (most recent call last):
[2025-04-30 17:05:32] File "D:\BOA\Test_App\BOA_MobileApp_Test\scripts\test_app.py", line 521, in test_app
[2025-04-30 17:05:32] self.fail("USSD process failed.")
[2025-04-30 17:05:32] ~~~~~~~~~^^^^^^^^^^^^^^^^^^^^^^^^
[2025-04-30 17:05:32] AssertionError: USSD process failed.
[2025-04-30 17:05:32] 
[2025-04-30 17:05:32] ----------------------------------------------------------------------
[2025-04-30 17:05:32] Ran 1 test in 53.493s
[2025-04-30 17:05:32] 
[2025-04-30 17:05:32] FAILED (failures=1)
[2025-04-30 17:05:32] 
Test completed.

[2025-04-30 17:05:57] 
================  New Test Started at 2025-04-30 17:05:57  ================

[2025-04-30 17:06:09] Using Device ID: R9ZR601C18H
[2025-04-30 17:06:09] Using Android Version: 12
[2025-04-30 17:06:09] Using package: com.samsung.android.dialer
[2025-04-30 17:06:09] Using Main_Activity: com.samsung.android.dialer.DialtactsActivity
[2025-04-30 17:06:09] Dialing USSD code (Attempt 1)...
[2025-04-30 17:06:13] USSD Response: Welcome to Bank of Abyssinia Mobile Banking Service. Press * to navigate back any time, select one of the following options below:
[2025-04-30 17:06:13] 1: Login
[2025-04-30 17:06:13] 2: Exit
[2025-04-30 17:06:13] Expected USSD page matched.
[2025-04-30 17:06:18] BOA USSD Login Notification Detected
[2025-04-30 17:06:18] Input field detected
[2025-04-30 17:06:21] Pin Enter Notification Detected
[2025-04-30 17:06:28] Login successful.
[2025-04-30 17:06:28] Found option: 1: My Accounts
[2025-04-30 17:06:28] Found option: 2: Transfer
[2025-04-30 17:06:28] Found option: 3: Transfer to Other Bank
[2025-04-30 17:06:28] Found option: 4: Transfer to Own
[2025-04-30 17:06:28] Found option: 5: Airtime
[2025-04-30 17:06:28] Found option: 6: Utilities
[2025-04-30 17:06:28] Found option: 7: Exchange Rates
[2025-04-30 17:06:28] Found option: 8: More options
[2025-04-30 17:06:28] Excel in the path is used
[2025-04-30 17:06:29] Writing 'Pass' to row 2, col 5
[2025-04-30 17:06:30] Saving Excel file to: D:\BOA\Test_App\BOA_MobileApp_Test\scripts\USSD_Test_Script2.xlsx
[2025-04-30 17:06:30] Updated 'login' sheet - rows [2] set to 'Pass'.
[2025-04-30 17:06:35] USSD Response: My Accounts
[2025-04-30 17:06:35] 1: 174615624 - ETB - Apol.
[2025-04-30 17:06:35] 2: 182975435 - ETB - STAF.
[2025-04-30 17:06:35] ['1: 174615624 - ETB - Apol.', '2: 182975435 - ETB - STAF.']
[2025-04-30 17:06:35] list of accounts associated with the customer ID is displayed
[2025-04-30 17:06:36] Writing 'Pass' to row 2, col 5
[2025-04-30 17:06:39] Saving Excel file to: D:\BOA\Test_App\BOA_MobileApp_Test\scripts\USSD_Test_Script2.xlsx
[2025-04-30 17:06:39] Updated 'Accounts' sheet - rows [2] set to 'Pass'.
[2025-04-30 17:06:39] Excel status Updated
[2025-04-30 17:06:39] 2 account(s) found: ['1: 174615624 - ETB - Apol.', '2: 182975435 - ETB - STAF.']
[2025-04-30 17:06:39] 
[2025-04-30 17:06:39] Checking Account 1: 1: 174615624 - ETB - Apol.
[2025-04-30 17:06:39] 1: 174615624
[2025-04-30 17:06:39] 174615624
[2025-04-30 17:06:44] The list of recent transactions is displayed
[2025-04-30 17:06:45] Writing 'Pass' to row 4, col 5
[2025-04-30 17:06:47] Saving Excel file to: D:\BOA\Test_App\BOA_MobileApp_Test\scripts\USSD_Test_Script2.xlsx
[2025-04-30 17:06:47] Updated 'Accounts' sheet - rows [4] set to 'Pass'.
[2025-04-30 17:06:52] Transaction detail verified
[2025-04-30 17:06:54] Writing 'Pass' to row 6, col 5
[2025-04-30 17:06:55] Saving Excel file to: D:\BOA\Test_App\BOA_MobileApp_Test\scripts\USSD_Test_Script2.xlsx
[2025-04-30 17:06:55] Updated 'Accounts' sheet - rows [6] set to 'Pass'.
[2025-04-30 17:07:04] 
[2025-04-30 17:07:04] Checking Account 2: 2: 182975435 - ETB - STAF.
[2025-04-30 17:07:04] 2: 182975435
[2025-04-30 17:07:04] 182975435
[2025-04-30 17:07:09] The list of recent transactions is displayed
[2025-04-30 17:07:11] Writing 'Pass' to row 4, col 5
[2025-04-30 17:07:12] Saving Excel file to: D:\BOA\Test_App\BOA_MobileApp_Test\scripts\USSD_Test_Script2.xlsx
[2025-04-30 17:07:12] Updated 'Accounts' sheet - rows [4] set to 'Pass'.
[2025-04-30 17:07:18] Transaction detail verified
[2025-04-30 17:07:19] Writing 'Pass' to row 6, col 5
[2025-04-30 17:07:21] Saving Excel file to: D:\BOA\Test_App\BOA_MobileApp_Test\scripts\USSD_Test_Script2.xlsx
[2025-04-30 17:07:21] Updated 'Accounts' sheet - rows [6] set to 'Pass'.
[2025-04-30 17:07:30] All account checks completed successfully
[2025-04-30 17:07:34] Found option: 1: My Accounts
[2025-04-30 17:07:34] Found option: 2: Transfer
[2025-04-30 17:07:34] Found option: 3: Transfer to Other Bank
[2025-04-30 17:07:34] Found option: 4: Transfer to Own
[2025-04-30 17:07:34] Found option: 5: Airtime
[2025-04-30 17:07:34] Found option: 6: Utilities
[2025-04-30 17:07:34] Found option: 7: Exchange Rates
[2025-04-30 17:07:34] Found option: 8: More options
[2025-04-30 17:07:34] Retuned to home page
[2025-04-30 17:07:34] My Account test compleated!
[2025-04-30 17:07:35] USSD session cancelled successfully.
[2025-04-30 17:07:37] .
[2025-04-30 17:07:37] ----------------------------------------------------------------------
[2025-04-30 17:07:37] Ran 1 test in 98.100s
[2025-04-30 17:07:37] 
[2025-04-30 17:07:37] OK
[2025-04-30 17:07:37] 
Test completed.

[2025-04-30 17:31:06] 
================  New Test Started at 2025-04-30 17:31:06  ================

[2025-04-30 17:31:20] Using Device ID: R9ZR601C18H
[2025-04-30 17:31:20] Using Android Version: 12
[2025-04-30 17:31:20] Using package: com.samsung.android.dialer
[2025-04-30 17:31:20] Using Main_Activity: com.samsung.android.dialer.DialtactsActivity
[2025-04-30 17:31:21] Dialing USSD code (Attempt 1)...
[2025-04-30 17:31:26] USSD Response: Welcome to Bank of Abyssinia Mobile Banking Service. Press * to navigate back any time, select one of the following options below:
[2025-04-30 17:31:26] 1: Login
[2025-04-30 17:31:26] 2: Exit
[2025-04-30 17:31:26] Expected USSD page matched.
[2025-04-30 17:31:31] BOA USSD Login Notification Detected
[2025-04-30 17:31:31] Input field detected
[2025-04-30 17:31:34] Pin Enter Notification Detected
[2025-04-30 17:31:41] Login successful.
[2025-04-30 17:31:41] Found option: 1: My Accounts
[2025-04-30 17:31:41] Found option: 2: Transfer
[2025-04-30 17:31:41] Found option: 3: Transfer to Other Bank
[2025-04-30 17:31:41] Found option: 4: Transfer to Own
[2025-04-30 17:31:41] Found option: 5: Airtime
[2025-04-30 17:31:41] Found option: 6: Utilities
[2025-04-30 17:31:41] Found option: 7: Exchange Rates
[2025-04-30 17:31:41] Found option: 8: More options
[2025-04-30 17:31:41] Excel in the path is used
[2025-04-30 17:31:42] Writing 'Pass' to row 2, col 5
[2025-04-30 17:31:43] Saving Excel file to: D:\BOA\Test_App\BOA_MobileApp_Test\scripts\USSD_Test_Script2.xlsx
[2025-04-30 17:31:43] Updated 'login' sheet - rows [2] set to 'Pass'.
[2025-04-30 17:31:43] Test for Ethio telecom topup
[2025-04-30 17:31:43] 2073
[2025-04-30 17:31:43] 0970951608
[2025-04-30 17:31:43] Test for Airtime..
[2025-04-30 17:31:46] Test for Airtime ..
[2025-04-30 17:31:51] Writing 'Pass' to row 2, col 7
[2025-04-30 17:31:52] Saving Excel file to: D:\BOA\Test_App\BOA_MobileApp_Test\scripts\USSD_Test_Script2.xlsx
[2025-04-30 17:31:52] Updated 'Airtime topup' sheet - rows [2] set to 'Pass'.
[2025-04-30 17:31:53] Error: 'TestAppium' object has no attribute 'extract_staff_or_saving_option'
[2025-04-30 17:31:53] F
[2025-04-30 17:31:53] ======================================================================
[2025-04-30 17:31:53] FAIL: test_app (__main__.TestAppium.test_app)
[2025-04-30 17:31:53] ----------------------------------------------------------------------
[2025-04-30 17:31:53] Traceback (most recent call last):
[2025-04-30 17:31:53] File "D:\BOA\Test_App\BOA_MobileApp_Test\scripts\test_app.py", line 518, in test_app
[2025-04-30 17:31:53] airtimeres = airtime(self)
[2025-04-30 17:31:53] File "D:\BOA\Test_App\BOA_MobileApp_Test\scripts\AirTime\airtime.py", line 11, in airtime
[2025-04-30 17:31:53] ethiotelecom = airtime_topup_for_ethio_telecom(self)
[2025-04-30 17:31:53] File "D:\BOA\Test_App\BOA_MobileApp_Test\scripts\AirTime\airtime.py", line 43, in airtime_topup_for_ethio_telecom
[2025-04-30 17:31:53] account_option, account_number = self.extract_staff_or_saving_option(message_text)
[2025-04-30 17:31:53] ^^^^^^^^^^^^^^^^^^^^^^^^^^^^^^^^^^^
[2025-04-30 17:31:53] AttributeError: 'TestAppium' object has no attribute 'extract_staff_or_saving_option'
[2025-04-30 17:31:53] 
[2025-04-30 17:31:53] During handling of the above exception, another exception occurred:
[2025-04-30 17:31:53] 
[2025-04-30 17:31:53] Traceback (most recent call last):
[2025-04-30 17:31:53] File "D:\BOA\Test_App\BOA_MobileApp_Test\scripts\test_app.py", line 521, in test_app
[2025-04-30 17:31:53] self.fail("USSD process failed.")
[2025-04-30 17:31:53] ~~~~~~~~~^^^^^^^^^^^^^^^^^^^^^^^^
[2025-04-30 17:31:53] AssertionError: USSD process failed.
[2025-04-30 17:31:53] 
[2025-04-30 17:31:54] ----------------------------------------------------------------------
[2025-04-30 17:31:54] Ran 1 test in 45.214s
[2025-04-30 17:31:54] 
[2025-04-30 17:31:54] FAILED (failures=1)
[2025-04-30 17:31:54] 
Test completed.

